<?xml version="1.0" encoding="UTF-8"?>
<!-- Generated by org.testng.reporters.JUnitXMLReporter -->
<testsuite ignored="5" hostname="LAPTOP-PH9CQ4AF" failures="0" tests="1" name="Default test" time="22.124" errors="0" timestamp="2023-05-16T18:29:53 IST">
  <testcase classname="Contata1.listPgaeTests" name="TC_04_VerifyCreateStaticListName" time="9.916"/>
  <testcase classname="Contata1.listPgaeTests" name="TC_05_VerifyContactCount" time="0.0">
    <ignored/>
  </testcase> <!-- TC_05_VerifyContactCount -->
  <testcase classname="Contata1.listPgaeTests" name="TC_07_VerifyContactCountInDynamicList" time="0.0">
    <ignored/>
  </testcase> <!-- TC_07_VerifyContactCountInDynamicList -->
  <testcase classname="Contata1.listPgaeTests" name="TC_06_VerifyCreateDynamicListName" time="0.0">
    <ignored/>
  </testcase> <!-- TC_06_VerifyCreateDynamicListName -->
  <testcase classname="Contata1.listPgaeTests" name="TC_08_VerifyDeleteDynamicList" time="0.0">
    <ignored/>
  </testcase> <!-- TC_08_VerifyDeleteDynamicList -->
  <testcase classname="Contata1.listPgaeTests" name="TC_05_VerifyAddConatctToStaticList" time="0.0">
    <ignored/>
  </testcase> <!-- TC_05_VerifyAddConatctToStaticList -->
</testsuite> <!-- Default test -->
