<?xml version="1.0" encoding="UTF-8"?>
<!-- Generated by org.testng.reporters.JUnitXMLReporter -->
<testsuite ignored="1" hostname="DESKTOP-QHTE072" failures="0" tests="1" name="Default test" time="32.326" errors="0" timestamp="2023-03-13T12:42:39 IST">
  <testcase classname="Contata1.PeopleTest" name="TC_01_createContactTest" time="13.304"/>
  <testcase classname="Contata1.PeopleTest" name="TC_2_deletContact" time="0.0">
    <ignored/>
  </testcase> <!-- TC_2_deletContact -->
</testsuite> <!-- Default test -->
