<?xml version="1.0" encoding="UTF-8"?>
<!-- Generated by org.testng.reporters.JUnitXMLReporter -->
<testsuite ignored="0" hostname="DESKTOP-QHTE072" failures="1" tests="3" name="Test" time="139.754" errors="0" timestamp="2023-04-09T18:30:49 IST">
  <testcase classname="Contata1.listPgaeTests" name="TC_04_VerifyCreateStaticListName" time="14.981"/>
  <testcase classname="Contata1.listPgaeTests" name="TC_05_VerifyAddConatctToStaticList" time="13.213">
    <skipped/>
  </testcase> <!-- TC_05_VerifyAddConatctToStaticList -->
  <testcase classname="Contata1.listPgaeTests" name="TC_05_VerifyAddConatctToStaticList" time="10.209">
    <failure type="java.lang.AssertionError" message="expected [true] but found [false]">
      <![CDATA[java.lang.AssertionError: expected [true] but found [false]
at Contata1.listPgaeTests.TC_05_VerifyAddConatctToStaticList(listPgaeTests.java:28)
at java.base/java.util.ArrayList.forEach(ArrayList.java:1511)
... Removed 31 stack frames]]>
    </failure>
  </testcase> <!-- TC_05_VerifyAddConatctToStaticList -->
</testsuite> <!-- Test -->
